Copyright 1986-2017 Xilinx, Inc. All Rights Reserved.
------------------------------------------------------------------------------------
| Tool Version : Vivado v.2017.3 (win64) Build 2018833 Wed Oct  4 19:58:22 MDT 2017
| Date         : Fri Feb  9 14:20:51 2018
| Host         : ensc-pit-13 running 64-bit major release  (build 9200)
| Command      : upgrade_ip
| Device       : xc7z020clg484-1
------------------------------------------------------------------------------------

Upgrade Log for IP 'design_1_audio_testbench_0_0'

1. Summary
----------

SUCCESS in the upgrade of design_1_audio_testbench_0_0 (sfu.ca:user:audio_testbench:1.0) from (Rev. 29) to (Rev. 30)






Copyright 1986-2017 Xilinx, Inc. All Rights Reserved.
------------------------------------------------------------------------------------
| Tool Version : Vivado v.2017.3 (win64) Build 2018833 Wed Oct  4 19:58:22 MDT 2017
| Date         : Thu Feb  8 19:50:59 2018
| Host         : ensc-pit-13 running 64-bit major release  (build 9200)
| Command      : upgrade_ip
| Device       : xc7z020clg484-1
------------------------------------------------------------------------------------

Upgrade Log for IP 'design_1_audio_testbench_0_0'

1. Summary
----------

SUCCESS in the upgrade of design_1_audio_testbench_0_0 (sfu.ca:user:audio_testbench:1.0) from (Rev. 27) to (Rev. 29)






Copyright 1986-2017 Xilinx, Inc. All Rights Reserved.
------------------------------------------------------------------------------------
| Tool Version : Vivado v.2017.3 (win64) Build 2018833 Wed Oct  4 19:58:22 MDT 2017
| Date         : Thu Feb  8 19:39:32 2018
| Host         : ensc-pit-13 running 64-bit major release  (build 9200)
| Command      : upgrade_ip
| Device       : xc7z020clg484-1
------------------------------------------------------------------------------------

Upgrade Log for IP 'design_1_audio_testbench_0_0'

1. Summary
----------

SUCCESS in the upgrade of design_1_audio_testbench_0_0 (sfu.ca:user:audio_testbench:1.0) from (Rev. 26) to (Rev. 27)






Copyright 1986-2017 Xilinx, Inc. All Rights Reserved.
------------------------------------------------------------------------------------
| Tool Version : Vivado v.2017.3 (win64) Build 2018833 Wed Oct  4 19:58:22 MDT 2017
| Date         : Thu Feb  8 19:27:33 2018
| Host         : ensc-pit-13 running 64-bit major release  (build 9200)
| Command      : upgrade_ip
| Device       : xc7z020clg484-1
------------------------------------------------------------------------------------

Upgrade Log for IP 'design_1_audio_testbench_0_0'

1. Summary
----------

CAUTION (success, with warnings) in the upgrade of design_1_audio_testbench_0_0 (sfu.ca:user:audio_testbench:1.0) from (Rev. 23) to (Rev. 26)

After upgrade, an IP may have parameter and port differences compared to the original customization. Please review the parameters within the IP customization GUI to ensure proper functionality. Also, please review the updated IP instantiation template to ensure proper connectivity, and update your design if required.

2. Connection Warnings
----------------------

Detected external port differences while upgrading 'design_1_audio_testbench_0_0'. These changes may impact your design.


-Upgrade has added port 'SW'







Copyright 1986-2017 Xilinx, Inc. All Rights Reserved.
------------------------------------------------------------------------------------
| Tool Version : Vivado v.2017.3 (win64) Build 2018833 Wed Oct  4 19:58:22 MDT 2017
| Date         : Thu Feb  8 19:09:05 2018
| Host         : ensc-pit-13 running 64-bit major release  (build 9200)
| Command      : upgrade_ip
| Device       : xc7z020clg484-1
------------------------------------------------------------------------------------

Upgrade Log for IP 'design_1_audio_testbench_0_0'

1. Summary
----------

SUCCESS in the upgrade of design_1_audio_testbench_0_0 (sfu.ca:user:audio_testbench:1.0) from (Rev. 22) to (Rev. 23)






Copyright 1986-2017 Xilinx, Inc. All Rights Reserved.
------------------------------------------------------------------------------------
| Tool Version : Vivado v.2017.3 (win64) Build 2018833 Wed Oct  4 19:58:22 MDT 2017
| Date         : Thu Feb  8 18:59:14 2018
| Host         : ensc-pit-13 running 64-bit major release  (build 9200)
| Command      : upgrade_ip
| Device       : xc7z020clg484-1
------------------------------------------------------------------------------------

Upgrade Log for IP 'design_1_audio_testbench_0_0'

1. Summary
----------

SUCCESS in the upgrade of design_1_audio_testbench_0_0 (sfu.ca:user:audio_testbench:1.0) from (Rev. 21) to (Rev. 22)






Copyright 1986-2017 Xilinx, Inc. All Rights Reserved.
------------------------------------------------------------------------------------
| Tool Version : Vivado v.2017.3 (win64) Build 2018833 Wed Oct  4 19:58:22 MDT 2017
| Date         : Thu Feb  8 18:41:57 2018
| Host         : ensc-pit-13 running 64-bit major release  (build 9200)
| Command      : upgrade_ip
| Device       : xc7z020clg484-1
------------------------------------------------------------------------------------

Upgrade Log for IP 'design_1_audio_testbench_0_0'

1. Summary
----------

SUCCESS in the upgrade of design_1_audio_testbench_0_0 (sfu.ca:user:audio_testbench:1.0) from (Rev. 20) to (Rev. 21)






Copyright 1986-2017 Xilinx, Inc. All Rights Reserved.
------------------------------------------------------------------------------------
| Tool Version : Vivado v.2017.3 (win64) Build 2018833 Wed Oct  4 19:58:22 MDT 2017
| Date         : Wed Feb  7 20:00:32 2018
| Host         : ensc-pit-13 running 64-bit major release  (build 9200)
| Command      : upgrade_ip
| Device       : xc7z020clg484-1
------------------------------------------------------------------------------------

Upgrade Log for IP 'design_1_audio_testbench_0_0'

1. Summary
----------

SUCCESS in the upgrade of design_1_audio_testbench_0_0 (sfu.ca:user:audio_testbench:1.0) from (Rev. 19) to (Rev. 20)






Copyright 1986-2017 Xilinx, Inc. All Rights Reserved.
------------------------------------------------------------------------------------
| Tool Version : Vivado v.2017.3 (win64) Build 2018833 Wed Oct  4 19:58:22 MDT 2017
| Date         : Wed Feb  7 19:56:33 2018
| Host         : ensc-pit-13 running 64-bit major release  (build 9200)
| Command      : upgrade_ip
| Device       : xc7z020clg484-1
------------------------------------------------------------------------------------

Upgrade Log for IP 'design_1_audio_testbench_0_0'

1. Summary
----------

SUCCESS in the upgrade of design_1_audio_testbench_0_0 (sfu.ca:user:audio_testbench:1.0) from (Rev. 16) to (Rev. 19)






Copyright 1986-2017 Xilinx, Inc. All Rights Reserved.
------------------------------------------------------------------------------------
| Tool Version : Vivado v.2017.3 (win64) Build 2018833 Wed Oct  4 19:58:22 MDT 2017
| Date         : Wed Feb  7 19:44:40 2018
| Host         : ensc-pit-13 running 64-bit major release  (build 9200)
| Command      : upgrade_ip
| Device       : xc7z020clg484-1
------------------------------------------------------------------------------------

Upgrade Log for IP 'design_1_audio_testbench_0_0'

1. Summary
----------

SUCCESS in the upgrade of design_1_audio_testbench_0_0 (sfu.ca:user:audio_testbench:1.0) from (Rev. 15) to (Rev. 16)






Copyright 1986-2017 Xilinx, Inc. All Rights Reserved.
------------------------------------------------------------------------------------
| Tool Version : Vivado v.2017.3 (win64) Build 2018833 Wed Oct  4 19:58:22 MDT 2017
| Date         : Wed Feb  7 19:34:48 2018
| Host         : ensc-pit-13 running 64-bit major release  (build 9200)
| Command      : upgrade_ip
| Device       : xc7z020clg484-1
------------------------------------------------------------------------------------

Upgrade Log for IP 'design_1_audio_testbench_0_0'

1. Summary
----------

SUCCESS in the upgrade of design_1_audio_testbench_0_0 (sfu.ca:user:audio_testbench:1.0) from (Rev. 14) to (Rev. 15)






Copyright 1986-2017 Xilinx, Inc. All Rights Reserved.
------------------------------------------------------------------------------------
| Tool Version : Vivado v.2017.3 (win64) Build 2018833 Wed Oct  4 19:58:22 MDT 2017
| Date         : Wed Feb  7 19:31:28 2018
| Host         : ensc-pit-13 running 64-bit major release  (build 9200)
| Command      : upgrade_ip
| Device       : xc7z020clg484-1
------------------------------------------------------------------------------------

Upgrade Log for IP 'design_1_audio_testbench_0_0'

1. Summary
----------

SUCCESS in the upgrade of design_1_audio_testbench_0_0 (sfu.ca:user:audio_testbench:1.0) from (Rev. 13) to (Rev. 14)






Copyright 1986-2017 Xilinx, Inc. All Rights Reserved.
------------------------------------------------------------------------------------
| Tool Version : Vivado v.2017.3 (win64) Build 2018833 Wed Oct  4 19:58:22 MDT 2017
| Date         : Wed Feb  7 19:28:20 2018
| Host         : ensc-pit-13 running 64-bit major release  (build 9200)
| Command      : upgrade_ip
| Device       : xc7z020clg484-1
------------------------------------------------------------------------------------

Upgrade Log for IP 'design_1_audio_testbench_0_0'

1. Summary
----------

SUCCESS in the upgrade of design_1_audio_testbench_0_0 (sfu.ca:user:audio_testbench:1.0) from (Rev. 12) to (Rev. 13)






Copyright 1986-2017 Xilinx, Inc. All Rights Reserved.
------------------------------------------------------------------------------------
| Tool Version : Vivado v.2017.3 (win64) Build 2018833 Wed Oct  4 19:58:22 MDT 2017
| Date         : Wed Feb  7 19:16:40 2018
| Host         : ensc-pit-13 running 64-bit major release  (build 9200)
| Command      : upgrade_ip
| Device       : xc7z020clg484-1
------------------------------------------------------------------------------------

Upgrade Log for IP 'design_1_audio_testbench_0_0'

1. Summary
----------

SUCCESS in the upgrade of design_1_audio_testbench_0_0 (sfu.ca:user:audio_testbench:1.0) from (Rev. 11) to (Rev. 12)






Copyright 1986-2017 Xilinx, Inc. All Rights Reserved.
------------------------------------------------------------------------------------
| Tool Version : Vivado v.2017.3 (win64) Build 2018833 Wed Oct  4 19:58:22 MDT 2017
| Date         : Wed Feb  7 19:08:13 2018
| Host         : ensc-pit-13 running 64-bit major release  (build 9200)
| Command      : upgrade_ip
| Device       : xc7z020clg484-1
------------------------------------------------------------------------------------

Upgrade Log for IP 'design_1_audio_testbench_0_0'

1. Summary
----------

SUCCESS in the upgrade of design_1_audio_testbench_0_0 (sfu.ca:user:audio_testbench:1.0) from (Rev. 10) to (Rev. 11)






Copyright 1986-2017 Xilinx, Inc. All Rights Reserved.
------------------------------------------------------------------------------------
| Tool Version : Vivado v.2017.3 (win64) Build 2018833 Wed Oct  4 19:58:22 MDT 2017
| Date         : Wed Feb  7 18:54:54 2018
| Host         : ensc-pit-13 running 64-bit major release  (build 9200)
| Command      : upgrade_ip
| Device       : xc7z020clg484-1
------------------------------------------------------------------------------------

Upgrade Log for IP 'design_1_audio_testbench_0_0'

1. Summary
----------

SUCCESS in the upgrade of design_1_audio_testbench_0_0 (sfu.ca:user:audio_testbench:1.0) from (Rev. 8) to (Rev. 10)






Copyright 1986-2017 Xilinx, Inc. All Rights Reserved.
------------------------------------------------------------------------------------
| Tool Version : Vivado v.2017.3 (win64) Build 2018833 Wed Oct  4 19:58:22 MDT 2017
| Date         : Wed Feb  7 18:52:10 2018
| Host         : ensc-pit-13 running 64-bit major release  (build 9200)
| Command      : upgrade_ip
| Device       : xc7z020clg484-1
------------------------------------------------------------------------------------

Upgrade Log for IP 'design_1_audio_testbench_0_0'

1. Summary
----------

SUCCESS in the upgrade of design_1_audio_testbench_0_0 (sfu.ca:user:audio_testbench:1.0) from (Rev. 7) to (Rev. 8)






Copyright 1986-2017 Xilinx, Inc. All Rights Reserved.
------------------------------------------------------------------------------------
| Tool Version : Vivado v.2017.3 (win64) Build 2018833 Wed Oct  4 19:58:22 MDT 2017
| Date         : Wed Feb  7 18:38:18 2018
| Host         : ensc-pit-13 running 64-bit major release  (build 9200)
| Command      : upgrade_ip
| Device       : xc7z020clg484-1
------------------------------------------------------------------------------------

Upgrade Log for IP 'design_1_audio_testbench_0_0'

1. Summary
----------

CAUTION (success, with warnings) in the upgrade of design_1_audio_testbench_0_0 (sfu.ca:user:audio_testbench:1.0) from (Rev. 6) to (Rev. 7)

After upgrade, an IP may have parameter and port differences compared to the original customization. Please review the parameters within the IP customization GUI to ensure proper functionality. Also, please review the updated IP instantiation template to ensure proper connectivity, and update your design if required.

2. Connection Warnings
----------------------

Detected external port differences while upgrading 'design_1_audio_testbench_0_0'. These changes may impact your design.


-Upgrade has added port 'LD'







Copyright 1986-2017 Xilinx, Inc. All Rights Reserved.
------------------------------------------------------------------------------------
| Tool Version : Vivado v.2017.3 (win64) Build 2018833 Wed Oct  4 19:58:22 MDT 2017
| Date         : Wed Feb  7 18:35:36 2018
| Host         : ensc-pit-13 running 64-bit major release  (build 9200)
| Command      : upgrade_ip
| Device       : xc7z020clg484-1
------------------------------------------------------------------------------------

Upgrade Log for IP 'design_1_audio_testbench_0_0'

1. Summary
----------

SUCCESS in the upgrade of design_1_audio_testbench_0_0 (sfu.ca:user:audio_testbench:1.0) from (Rev. 5) to (Rev. 6)






Copyright 1986-2017 Xilinx, Inc. All Rights Reserved.
------------------------------------------------------------------------------------
| Tool Version : Vivado v.2017.3 (win64) Build 2018833 Wed Oct  4 19:58:22 MDT 2017
| Date         : Wed Feb  7 18:33:43 2018
| Host         : ensc-pit-13 running 64-bit major release  (build 9200)
| Command      : upgrade_ip
| Device       : xc7z020clg484-1
------------------------------------------------------------------------------------

Upgrade Log for IP 'design_1_audio_testbench_0_0'

1. Summary
----------

SUCCESS in the upgrade of design_1_audio_testbench_0_0 (sfu.ca:user:audio_testbench:1.0) from (Rev. 4) to (Rev. 5)






Copyright 1986-2017 Xilinx, Inc. All Rights Reserved.
------------------------------------------------------------------------------------
| Tool Version : Vivado v.2017.3 (win64) Build 2018833 Wed Oct  4 19:58:22 MDT 2017
| Date         : Wed Feb  7 18:22:51 2018
| Host         : ensc-pit-13 running 64-bit major release  (build 9200)
| Command      : upgrade_ip
| Device       : xc7z020clg484-1
------------------------------------------------------------------------------------

Upgrade Log for IP 'design_1_audio_testbench_0_0'

1. Summary
----------

SUCCESS in the upgrade of design_1_audio_testbench_0_0 (sfu.ca:user:audio_testbench:1.0) from (Rev. 3) to (Rev. 4)






Copyright 1986-2017 Xilinx, Inc. All Rights Reserved.
------------------------------------------------------------------------------------
| Tool Version : Vivado v.2017.3 (win64) Build 2018833 Wed Oct  4 19:58:22 MDT 2017
| Date         : Wed Feb  7 17:59:27 2018
| Host         : ensc-pit-13 running 64-bit major release  (build 9200)
| Command      : upgrade_ip
| Device       : xc7z020clg484-1
------------------------------------------------------------------------------------

Upgrade Log for IP 'design_1_audio_testbench_0_0'

1. Summary
----------

SUCCESS in the upgrade of design_1_audio_testbench_0_0 (sfu.ca:user:audio_testbench:1.0) from (Rev. 2) to (Rev. 3)






Copyright 1986-2017 Xilinx, Inc. All Rights Reserved.
------------------------------------------------------------------------------------
| Tool Version : Vivado v.2017.3 (win64) Build 2018833 Wed Oct  4 19:58:22 MDT 2017
| Date         : Wed Feb  7 17:54:41 2018
| Host         : ensc-pit-13 running 64-bit major release  (build 9200)
| Command      : upgrade_ip
| Device       : xc7z020clg484-1
------------------------------------------------------------------------------------

Upgrade Log for IP 'design_1_audio_testbench_0_0'

1. Summary
----------

SUCCESS in the upgrade of design_1_audio_testbench_0_0 (sfu.ca:user:audio_testbench:1.0) from (Rev. 1) to (Rev. 2)

