15:46:02 INFO  : Registering command handlers for SDK TCF services
15:46:04 INFO  : Launching XSCT server: xsct.bat -interactive C:\Users\yangjiel\Desktop\VGA_mem_mapped-master\project_2\project_2.sdk\temp_xsdb_launch_script.tcl
15:46:09 INFO  : XSCT server has started successfully.
15:46:12 INFO  : Successfully done setting XSCT server connection channel  
15:46:12 INFO  : Processing command line option -hwspec C:/Users/yangjiel/Desktop/VGA_mem_mapped-master/project_2/project_2.sdk/design_1_wrapper.hdf.
15:46:12 INFO  : Successfully done setting SDK workspace  
15:47:58 INFO  : Launching XSCT server: xsct.bat -interactive C:\Users\yangjiel\Desktop\VGA_mem_mapped-master\project_2\project_2.sdk\temp_xsdb_launch_script.tcl
15:48:00 INFO  : XSCT server has started successfully.
15:48:02 INFO  : Successfully done setting XSCT server connection channel  
15:48:02 INFO  : Successfully done setting SDK workspace  
15:48:03 INFO  : Registering command handlers for SDK TCF services
15:48:04 INFO  : Processing command line option -hwspec C:/Users/yangjiel/Desktop/VGA_mem_mapped-master/project_2/project_2.sdk/design_1_wrapper.hdf.
15:48:04 INFO  : Checking for hwspec changes in the project design_1_wrapper_hw_platform_0.
15:49:06 INFO  : Registering command handlers for SDK TCF services
15:49:07 INFO  : Launching XSCT server: xsct.bat -interactive C:\Users\yangjiel\Desktop\VGA_mem_mapped-master\project_2\project_2.sdk\temp_xsdb_launch_script.tcl
15:49:09 INFO  : XSCT server has started successfully.
15:49:10 INFO  : Processing command line option -hwspec C:/Users/yangjiel/Desktop/VGA_mem_mapped-master/project_2/project_2.sdk/design_1_wrapper.hdf.
15:49:10 INFO  : Successfully done setting XSCT server connection channel  
15:49:10 INFO  : Successfully done setting SDK workspace  
15:52:31 INFO  : 'targets -set -filter {jtag_cable_name =~ "Digilent Zed 210248469740" && level==0} -index 1' command is executed.
15:52:31 INFO  : 'fpga -state' command is executed.
15:53:19 INFO  : Connected to target on host '127.0.0.1' and port '3121'.
15:53:20 INFO  : Jtag cable 'Digilent Zed 210248469740' is selected.
15:53:20 INFO  : 'jtag frequency' command is executed.
15:53:20 INFO  : Sourcing of 'C:/Users/yangjiel/Desktop/VGA_mem_mapped-master/project_2/project_2.sdk/design_1_wrapper_hw_platform_0/ps7_init.tcl' is done.
15:53:20 INFO  : Context for 'APU' is selected.
15:53:20 INFO  : Hardware design information is loaded from 'C:/Users/yangjiel/Desktop/VGA_mem_mapped-master/project_2/project_2.sdk/design_1_wrapper_hw_platform_0/system.hdf'.
15:53:20 INFO  : 'configparams force-mem-access 1' command is executed.
15:53:20 INFO  : Context for 'APU' is selected.
15:53:20 INFO  : 'stop' command is executed.
15:53:20 INFO  : 'ps7_init' command is executed.
15:53:20 INFO  : 'ps7_post_config' command is executed.
15:53:20 INFO  : 'configparams force-mem-access 0' command is executed.
15:53:20 INFO  : ----------------XSDB Script----------------
connect -url tcp:127.0.0.1:3121
source C:/Users/yangjiel/Desktop/VGA_mem_mapped-master/project_2/project_2.sdk/design_1_wrapper_hw_platform_0/ps7_init.tcl
targets -set -nocase -filter {name =~"APU*" && jtag_cable_name =~ "Digilent Zed 210248469740"} -index 0
loadhw -hw C:/Users/yangjiel/Desktop/VGA_mem_mapped-master/project_2/project_2.sdk/design_1_wrapper_hw_platform_0/system.hdf -mem-ranges [list {0x40000000 0xbfffffff}]
configparams force-mem-access 1
targets -set -nocase -filter {name =~"APU*" && jtag_cable_name =~ "Digilent Zed 210248469740"} -index 0
stop
ps7_init
ps7_post_config
configparams force-mem-access 0
----------------End of Script----------------

15:53:20 INFO  : Memory regions updated for context APU
15:53:20 INFO  : Launch script is exported to file 'C:\Users\yangjiel\Desktop\VGA_mem_mapped-master\project_2\project_2.sdk\.sdk\launch_scripts\xilinx_c-c++_application_(system_debugger)\system_debugger_on_local.tcl'
15:54:14 INFO  : Connected to target on host '127.0.0.1' and port '3121'.
15:54:14 INFO  : 'targets -set -filter {jtag_cable_name =~ "Digilent Zed 210248469740" && level==0} -index 1' command is executed.
15:54:16 INFO  : FPGA configured successfully with bitstream "C:/Users/yangjiel/Desktop/VGA_mem_mapped-master/project_2/project_2.sdk/design_1_wrapper_hw_platform_0/design_1_wrapper.bit"
15:54:36 INFO  : Disconnected from the channel tcfchan#1.
15:54:37 INFO  : 'targets -set -filter {jtag_cable_name =~ "Digilent Zed 210248469740" && level==0} -index 1' command is executed.
15:54:37 INFO  : 'fpga -state' command is executed.
15:54:37 INFO  : Connected to target on host '127.0.0.1' and port '3121'.
15:54:38 INFO  : Jtag cable 'Digilent Zed 210248469740' is selected.
15:54:38 INFO  : 'jtag frequency' command is executed.
15:54:38 INFO  : Sourcing of 'C:/Users/yangjiel/Desktop/VGA_mem_mapped-master/project_2/project_2.sdk/design_1_wrapper_hw_platform_0/ps7_init.tcl' is done.
15:54:38 INFO  : Context for 'APU' is selected.
15:54:40 INFO  : Hardware design information is loaded from 'C:/Users/yangjiel/Desktop/VGA_mem_mapped-master/project_2/project_2.sdk/design_1_wrapper_hw_platform_0/system.hdf'.
15:54:40 INFO  : 'configparams force-mem-access 1' command is executed.
15:54:40 INFO  : Context for 'APU' is selected.
15:54:40 INFO  : 'stop' command is executed.
15:54:40 INFO  : 'ps7_init' command is executed.
15:54:40 INFO  : 'ps7_post_config' command is executed.
15:54:40 INFO  : 'configparams force-mem-access 0' command is executed.
15:54:40 INFO  : ----------------XSDB Script----------------
connect -url tcp:127.0.0.1:3121
source C:/Users/yangjiel/Desktop/VGA_mem_mapped-master/project_2/project_2.sdk/design_1_wrapper_hw_platform_0/ps7_init.tcl
targets -set -nocase -filter {name =~"APU*" && jtag_cable_name =~ "Digilent Zed 210248469740"} -index 0
loadhw -hw C:/Users/yangjiel/Desktop/VGA_mem_mapped-master/project_2/project_2.sdk/design_1_wrapper_hw_platform_0/system.hdf -mem-ranges [list {0x40000000 0xbfffffff}]
configparams force-mem-access 1
targets -set -nocase -filter {name =~"APU*" && jtag_cable_name =~ "Digilent Zed 210248469740"} -index 0
stop
ps7_init
ps7_post_config
configparams force-mem-access 0
----------------End of Script----------------

15:54:40 INFO  : Memory regions updated for context APU
15:54:40 INFO  : Launch script is exported to file 'C:\Users\yangjiel\Desktop\VGA_mem_mapped-master\project_2\project_2.sdk\.sdk\launch_scripts\xilinx_c-c++_application_(system_debugger)\system_debugger_on_local.tcl'
15:54:48 INFO  : Disconnected from the channel tcfchan#2.
15:55:02 INFO  : Launching XSCT server: xsct.bat -interactive C:\Users\yangjiel\Desktop\VGA_mem_mapped-master\project_2\project_2.sdk\temp_xsdb_launch_script.tcl
15:55:04 INFO  : XSCT server has started successfully.
15:55:04 INFO  : Successfully done setting XSCT server connection channel  
15:55:05 INFO  : Successfully done setting SDK workspace  
15:55:09 INFO  : Registering command handlers for SDK TCF services
15:55:09 INFO  : Processing command line option -hwspec C:/Users/yangjiel/Desktop/VGA_mem_mapped-master/project_2/project_2.sdk/design_1_wrapper.hdf.
15:55:09 INFO  : Checking for hwspec changes in the project design_1_wrapper_hw_platform_0.
15:55:22 INFO  : Connected to target on host '127.0.0.1' and port '3121'.
15:55:22 INFO  : 'targets -set -filter {jtag_cable_name =~ "Digilent Zed 210248469740" && level==0} -index 1' command is executed.
15:55:25 INFO  : FPGA configured successfully with bitstream "C:/Users/yangjiel/Desktop/VGA_mem_mapped-master/project_2/project_2.sdk/design_1_wrapper_hw_platform_0/design_1_wrapper.bit"
15:56:11 INFO  : Registering command handlers for SDK TCF services
15:56:12 INFO  : Launching XSCT server: xsct.bat -interactive C:\Users\yangjiel\Desktop\VGA_mem_mapped-master\project_2\project_2.sdk\temp_xsdb_launch_script.tcl
15:56:14 INFO  : XSCT server has started successfully.
15:56:14 INFO  : Processing command line option -hwspec C:/Users/yangjiel/Desktop/VGA_mem_mapped-master/project_2/project_2.sdk/design_1_wrapper.hdf.
15:56:14 INFO  : Successfully done setting XSCT server connection channel  
15:56:17 INFO  : Successfully done setting SDK workspace  
15:56:17 INFO  : Checking for hwspec changes in the project design_1_wrapper_hw_platform_0.
15:56:20 INFO  : Connected to target on host '127.0.0.1' and port '3121'.
15:56:20 INFO  : 'targets -set -filter {jtag_cable_name =~ "Digilent Zed 210248469740" && level==0} -index 1' command is executed.
15:56:23 INFO  : FPGA configured successfully with bitstream "C:/Users/yangjiel/Desktop/VGA_mem_mapped-master/project_2/project_2.sdk/design_1_wrapper_hw_platform_0/design_1_wrapper.bit"
15:57:13 INFO  : 'targets -set -filter {jtag_cable_name =~ "Digilent Zed 210248469740" && level==0} -index 1' command is executed.
15:57:13 INFO  : 'fpga -state' command is executed.
15:57:13 INFO  : Connected to target on host '127.0.0.1' and port '3121'.
15:57:13 INFO  : Jtag cable 'Digilent Zed 210248469740' is selected.
15:57:13 INFO  : 'jtag frequency' command is executed.
15:57:13 INFO  : Sourcing of 'C:/Users/yangjiel/Desktop/VGA_mem_mapped-master/project_2/project_2.sdk/design_1_wrapper_hw_platform_0/ps7_init.tcl' is done.
15:57:13 INFO  : Context for 'APU' is selected.
15:57:13 INFO  : Hardware design information is loaded from 'C:/Users/yangjiel/Desktop/VGA_mem_mapped-master/project_2/project_2.sdk/design_1_wrapper_hw_platform_0/system.hdf'.
15:57:13 INFO  : 'configparams force-mem-access 1' command is executed.
15:57:13 INFO  : Context for 'APU' is selected.
15:57:13 INFO  : 'stop' command is executed.
15:57:13 INFO  : 'ps7_init' command is executed.
15:57:13 INFO  : 'ps7_post_config' command is executed.
15:57:13 INFO  : 'configparams force-mem-access 0' command is executed.
15:57:13 INFO  : ----------------XSDB Script----------------
connect -url tcp:127.0.0.1:3121
source C:/Users/yangjiel/Desktop/VGA_mem_mapped-master/project_2/project_2.sdk/design_1_wrapper_hw_platform_0/ps7_init.tcl
targets -set -nocase -filter {name =~"APU*" && jtag_cable_name =~ "Digilent Zed 210248469740"} -index 0
loadhw -hw C:/Users/yangjiel/Desktop/VGA_mem_mapped-master/project_2/project_2.sdk/design_1_wrapper_hw_platform_0/system.hdf -mem-ranges [list {0x40000000 0xbfffffff}]
configparams force-mem-access 1
targets -set -nocase -filter {name =~"APU*" && jtag_cable_name =~ "Digilent Zed 210248469740"} -index 0
stop
ps7_init
ps7_post_config
configparams force-mem-access 0
----------------End of Script----------------

15:57:14 INFO  : Memory regions updated for context APU
15:57:14 INFO  : Launch script is exported to file 'C:\Users\yangjiel\Desktop\VGA_mem_mapped-master\project_2\project_2.sdk\.sdk\launch_scripts\xilinx_c-c++_application_(system_debugger)\system_debugger_on_local.tcl'
15:57:22 INFO  : Disconnected from the channel tcfchan#1.
15:57:25 INFO  : 'targets -set -filter {jtag_cable_name =~ "Digilent Zed 210248469740" && level==0} -index 1' command is executed.
15:57:25 INFO  : 'fpga -state' command is executed.
15:57:25 INFO  : Connected to target on host '127.0.0.1' and port '3121'.
15:57:25 INFO  : Jtag cable 'Digilent Zed 210248469740' is selected.
15:57:25 INFO  : 'jtag frequency' command is executed.
15:57:25 INFO  : Sourcing of 'C:/Users/yangjiel/Desktop/VGA_mem_mapped-master/project_2/project_2.sdk/design_1_wrapper_hw_platform_0/ps7_init.tcl' is done.
15:57:25 INFO  : Context for 'APU' is selected.
15:57:25 INFO  : Hardware design information is loaded from 'C:/Users/yangjiel/Desktop/VGA_mem_mapped-master/project_2/project_2.sdk/design_1_wrapper_hw_platform_0/system.hdf'.
15:57:25 INFO  : 'configparams force-mem-access 1' command is executed.
15:57:25 INFO  : Context for 'APU' is selected.
15:57:25 INFO  : 'stop' command is executed.
15:57:26 INFO  : 'ps7_init' command is executed.
15:57:26 INFO  : 'ps7_post_config' command is executed.
15:57:26 INFO  : 'configparams force-mem-access 0' command is executed.
15:57:26 INFO  : ----------------XSDB Script----------------
connect -url tcp:127.0.0.1:3121
source C:/Users/yangjiel/Desktop/VGA_mem_mapped-master/project_2/project_2.sdk/design_1_wrapper_hw_platform_0/ps7_init.tcl
targets -set -nocase -filter {name =~"APU*" && jtag_cable_name =~ "Digilent Zed 210248469740"} -index 0
loadhw -hw C:/Users/yangjiel/Desktop/VGA_mem_mapped-master/project_2/project_2.sdk/design_1_wrapper_hw_platform_0/system.hdf -mem-ranges [list {0x40000000 0xbfffffff}]
configparams force-mem-access 1
targets -set -nocase -filter {name =~"APU*" && jtag_cable_name =~ "Digilent Zed 210248469740"} -index 0
stop
ps7_init
ps7_post_config
configparams force-mem-access 0
----------------End of Script----------------

15:57:26 INFO  : Memory regions updated for context APU
15:57:26 INFO  : Launch script is exported to file 'C:\Users\yangjiel\Desktop\VGA_mem_mapped-master\project_2\project_2.sdk\.sdk\launch_scripts\xilinx_c-c++_application_(system_debugger)\system_debugger_on_local.tcl'
15:57:34 INFO  : Disconnected from the channel tcfchan#2.
15:57:35 INFO  : 'targets -set -filter {jtag_cable_name =~ "Digilent Zed 210248469740" && level==0} -index 1' command is executed.
15:57:35 INFO  : 'fpga -state' command is executed.
15:57:35 INFO  : Connected to target on host '127.0.0.1' and port '3121'.
15:57:35 INFO  : Jtag cable 'Digilent Zed 210248469740' is selected.
15:57:35 INFO  : 'jtag frequency' command is executed.
15:57:35 INFO  : Sourcing of 'C:/Users/yangjiel/Desktop/VGA_mem_mapped-master/project_2/project_2.sdk/design_1_wrapper_hw_platform_0/ps7_init.tcl' is done.
15:57:35 INFO  : Context for 'APU' is selected.
15:57:37 INFO  : Hardware design information is loaded from 'C:/Users/yangjiel/Desktop/VGA_mem_mapped-master/project_2/project_2.sdk/design_1_wrapper_hw_platform_0/system.hdf'.
15:57:37 INFO  : 'configparams force-mem-access 1' command is executed.
15:57:37 INFO  : Context for 'APU' is selected.
15:57:37 INFO  : 'stop' command is executed.
15:57:38 INFO  : 'ps7_init' command is executed.
15:57:38 INFO  : 'ps7_post_config' command is executed.
15:57:38 INFO  : 'configparams force-mem-access 0' command is executed.
15:57:38 INFO  : ----------------XSDB Script----------------
connect -url tcp:127.0.0.1:3121
source C:/Users/yangjiel/Desktop/VGA_mem_mapped-master/project_2/project_2.sdk/design_1_wrapper_hw_platform_0/ps7_init.tcl
targets -set -nocase -filter {name =~"APU*" && jtag_cable_name =~ "Digilent Zed 210248469740"} -index 0
loadhw -hw C:/Users/yangjiel/Desktop/VGA_mem_mapped-master/project_2/project_2.sdk/design_1_wrapper_hw_platform_0/system.hdf -mem-ranges [list {0x40000000 0xbfffffff}]
configparams force-mem-access 1
targets -set -nocase -filter {name =~"APU*" && jtag_cable_name =~ "Digilent Zed 210248469740"} -index 0
stop
ps7_init
ps7_post_config
configparams force-mem-access 0
----------------End of Script----------------

15:57:38 INFO  : Memory regions updated for context APU
15:57:38 INFO  : Launch script is exported to file 'C:\Users\yangjiel\Desktop\VGA_mem_mapped-master\project_2\project_2.sdk\.sdk\launch_scripts\xilinx_c-c++_application_(system_debugger)\system_debugger_on_local.tcl'
15:59:32 INFO  : 'targets -set -filter {jtag_cable_name =~ "Digilent Zed 210248469740" && level==0} -index 1' command is executed.
15:59:32 INFO  : 'fpga -state' command is executed.
15:59:32 INFO  : Connected to target on host '127.0.0.1' and port '3121'.
15:59:32 INFO  : Jtag cable 'Digilent Zed 210248469740' is selected.
15:59:32 INFO  : 'jtag frequency' command is executed.
15:59:32 INFO  : Sourcing of 'C:/Users/yangjiel/Desktop/VGA_mem_mapped-master/project_2/project_2.sdk/design_1_wrapper_hw_platform_0/ps7_init.tcl' is done.
15:59:32 INFO  : Context for 'APU' is selected.
15:59:32 INFO  : Hardware design information is loaded from 'C:/Users/yangjiel/Desktop/VGA_mem_mapped-master/project_2/project_2.sdk/design_1_wrapper_hw_platform_0/system.hdf'.
15:59:32 INFO  : 'configparams force-mem-access 1' command is executed.
15:59:32 INFO  : Context for 'APU' is selected.
15:59:32 INFO  : 'stop' command is executed.
15:59:33 INFO  : 'ps7_init' command is executed.
15:59:33 INFO  : 'ps7_post_config' command is executed.
15:59:33 INFO  : Context for processor 'ps7_cortexa9_0' is selected.
15:59:33 INFO  : Processor reset is completed for 'ps7_cortexa9_0'.
15:59:33 INFO  : Context for processor 'ps7_cortexa9_0' is selected.
15:59:33 INFO  : The application 'C:/Users/yangjiel/Desktop/VGA_mem_mapped-master/project_2/project_2.sdk/hello_world/Debug/hello_world.elf' is downloaded to processor 'ps7_cortexa9_0'.
15:59:33 INFO  : 'configparams force-mem-access 0' command is executed.
15:59:33 INFO  : ----------------XSDB Script----------------
connect -url tcp:127.0.0.1:3121
source C:/Users/yangjiel/Desktop/VGA_mem_mapped-master/project_2/project_2.sdk/design_1_wrapper_hw_platform_0/ps7_init.tcl
targets -set -nocase -filter {name =~"APU*" && jtag_cable_name =~ "Digilent Zed 210248469740"} -index 0
loadhw -hw C:/Users/yangjiel/Desktop/VGA_mem_mapped-master/project_2/project_2.sdk/design_1_wrapper_hw_platform_0/system.hdf -mem-ranges [list {0x40000000 0xbfffffff}]
configparams force-mem-access 1
targets -set -nocase -filter {name =~"APU*" && jtag_cable_name =~ "Digilent Zed 210248469740"} -index 0
stop
ps7_init
ps7_post_config
targets -set -nocase -filter {name =~ "ARM*#0" && jtag_cable_name =~ "Digilent Zed 210248469740"} -index 0
rst -processor
targets -set -nocase -filter {name =~ "ARM*#0" && jtag_cable_name =~ "Digilent Zed 210248469740"} -index 0
dow C:/Users/yangjiel/Desktop/VGA_mem_mapped-master/project_2/project_2.sdk/hello_world/Debug/hello_world.elf
configparams force-mem-access 0
----------------End of Script----------------

15:59:33 INFO  : Memory regions updated for context APU
15:59:33 INFO  : Context for processor 'ps7_cortexa9_0' is selected.
15:59:33 INFO  : 'con' command is executed.
15:59:33 INFO  : ----------------XSDB Script (After Launch)----------------
targets -set -nocase -filter {name =~ "ARM*#0" && jtag_cable_name =~ "Digilent Zed 210248469740"} -index 0
con
----------------End of Script----------------

15:59:33 INFO  : Launch script is exported to file 'C:\Users\yangjiel\Desktop\VGA_mem_mapped-master\project_2\project_2.sdk\.sdk\launch_scripts\xilinx_c-c++_application_(system_debugger)\system_debugger_using_debug_hello_world.elf_on_local.tcl'
15:59:52 INFO  : Disconnected from the channel tcfchan#3.
15:59:52 WARN  : channel "tcfchan#3" closed
17:47:31 INFO  : Registering command handlers for SDK TCF services
17:47:32 INFO  : Launching XSCT server: xsct.bat -interactive C:\Users\yangjiel\Desktop\VGA_mem_mapped-master\project_2\project_2.sdk\temp_xsdb_launch_script.tcl
17:47:38 INFO  : XSCT server has started successfully.
17:47:45 INFO  : Processing command line option -hwspec C:/Users/yangjiel/Desktop/VGA_mem_mapped-master/project_2/project_2.sdk/design_1_wrapper.hdf.
17:47:53 INFO  : Successfully done setting XSCT server connection channel  
17:47:53 INFO  : Successfully done setting SDK workspace  
17:47:54 INFO  : Checking for hwspec changes in the project design_1_wrapper_hw_platform_0.
17:48:43 INFO  : Connected to target on host '127.0.0.1' and port '3121'.
17:48:44 INFO  : 'targets -set -filter {jtag_cable_name =~ "Digilent Zed 210248470163" && level==0} -index 1' command is executed.
17:48:46 INFO  : FPGA configured successfully with bitstream "C:/Users/yangjiel/Desktop/VGA_mem_mapped-master/project_2/project_2.sdk/design_1_wrapper_hw_platform_0/design_1_wrapper.bit"
17:48:58 INFO  : 'targets -set -filter {jtag_cable_name =~ "Digilent Zed 210248470163" && level==0} -index 1' command is executed.
17:48:58 INFO  : 'fpga -state' command is executed.
17:48:58 INFO  : Connected to target on host '127.0.0.1' and port '3121'.
17:48:58 INFO  : Jtag cable 'Digilent Zed 210248470163' is selected.
17:48:58 INFO  : 'jtag frequency' command is executed.
17:48:58 INFO  : Sourcing of 'C:/Users/yangjiel/Desktop/VGA_mem_mapped-master/project_2/project_2.sdk/design_1_wrapper_hw_platform_0/ps7_init.tcl' is done.
17:48:58 INFO  : Context for 'APU' is selected.
17:48:58 INFO  : Hardware design information is loaded from 'C:/Users/yangjiel/Desktop/VGA_mem_mapped-master/project_2/project_2.sdk/design_1_wrapper_hw_platform_0/system.hdf'.
17:48:58 INFO  : 'configparams force-mem-access 1' command is executed.
17:48:58 INFO  : Context for 'APU' is selected.
17:48:58 INFO  : 'stop' command is executed.
17:48:59 INFO  : 'ps7_init' command is executed.
17:48:59 INFO  : 'ps7_post_config' command is executed.
17:48:59 INFO  : Context for processor 'ps7_cortexa9_0' is selected.
17:48:59 INFO  : Processor reset is completed for 'ps7_cortexa9_0'.
17:48:59 INFO  : Context for processor 'ps7_cortexa9_0' is selected.
17:48:59 INFO  : The application 'C:/Users/yangjiel/Desktop/VGA_mem_mapped-master/project_2/project_2.sdk/hello_world/Debug/hello_world.elf' is downloaded to processor 'ps7_cortexa9_0'.
17:48:59 INFO  : 'configparams force-mem-access 0' command is executed.
17:48:59 INFO  : ----------------XSDB Script----------------
connect -url tcp:127.0.0.1:3121
source C:/Users/yangjiel/Desktop/VGA_mem_mapped-master/project_2/project_2.sdk/design_1_wrapper_hw_platform_0/ps7_init.tcl
targets -set -nocase -filter {name =~"APU*" && jtag_cable_name =~ "Digilent Zed 210248470163"} -index 0
loadhw -hw C:/Users/yangjiel/Desktop/VGA_mem_mapped-master/project_2/project_2.sdk/design_1_wrapper_hw_platform_0/system.hdf -mem-ranges [list {0x40000000 0xbfffffff}]
configparams force-mem-access 1
targets -set -nocase -filter {name =~"APU*" && jtag_cable_name =~ "Digilent Zed 210248470163"} -index 0
stop
ps7_init
ps7_post_config
targets -set -nocase -filter {name =~ "ARM*#0" && jtag_cable_name =~ "Digilent Zed 210248470163"} -index 0
rst -processor
targets -set -nocase -filter {name =~ "ARM*#0" && jtag_cable_name =~ "Digilent Zed 210248470163"} -index 0
dow C:/Users/yangjiel/Desktop/VGA_mem_mapped-master/project_2/project_2.sdk/hello_world/Debug/hello_world.elf
configparams force-mem-access 0
----------------End of Script----------------

17:48:59 INFO  : Memory regions updated for context APU
17:48:59 INFO  : Context for processor 'ps7_cortexa9_0' is selected.
17:48:59 INFO  : 'con' command is executed.
17:48:59 INFO  : ----------------XSDB Script (After Launch)----------------
targets -set -nocase -filter {name =~ "ARM*#0" && jtag_cable_name =~ "Digilent Zed 210248470163"} -index 0
con
----------------End of Script----------------

17:48:59 INFO  : Launch script is exported to file 'C:\Users\yangjiel\Desktop\VGA_mem_mapped-master\project_2\project_2.sdk\.sdk\launch_scripts\xilinx_c-c++_application_(system_debugger)\system_debugger_using_debug_hello_world.elf_on_local.tcl'
17:53:00 INFO  : Disconnected from the channel tcfchan#1.
17:53:01 INFO  : 'targets -set -filter {jtag_cable_name =~ "Digilent Zed 210248470163" && level==0} -index 1' command is executed.
17:53:02 INFO  : 'fpga -state' command is executed.
17:53:02 INFO  : Connected to target on host '127.0.0.1' and port '3121'.
17:53:02 INFO  : Jtag cable 'Digilent Zed 210248470163' is selected.
17:53:02 INFO  : 'jtag frequency' command is executed.
17:53:02 INFO  : Sourcing of 'C:/Users/yangjiel/Desktop/VGA_mem_mapped-master/project_2/project_2.sdk/design_1_wrapper_hw_platform_0/ps7_init.tcl' is done.
17:53:02 INFO  : Context for 'APU' is selected.
17:53:04 INFO  : Hardware design information is loaded from 'C:/Users/yangjiel/Desktop/VGA_mem_mapped-master/project_2/project_2.sdk/design_1_wrapper_hw_platform_0/system.hdf'.
17:53:04 INFO  : 'configparams force-mem-access 1' command is executed.
17:53:04 INFO  : Context for 'APU' is selected.
17:53:04 INFO  : 'stop' command is executed.
17:53:05 INFO  : 'ps7_init' command is executed.
17:53:05 INFO  : 'ps7_post_config' command is executed.
17:53:05 INFO  : Context for processor 'ps7_cortexa9_0' is selected.
17:53:05 INFO  : Processor reset is completed for 'ps7_cortexa9_0'.
17:53:05 INFO  : Context for processor 'ps7_cortexa9_0' is selected.
17:53:05 INFO  : The application 'C:/Users/yangjiel/Desktop/VGA_mem_mapped-master/project_2/project_2.sdk/hello_world/Debug/hello_world.elf' is downloaded to processor 'ps7_cortexa9_0'.
17:53:05 INFO  : 'configparams force-mem-access 0' command is executed.
17:53:05 INFO  : ----------------XSDB Script----------------
connect -url tcp:127.0.0.1:3121
source C:/Users/yangjiel/Desktop/VGA_mem_mapped-master/project_2/project_2.sdk/design_1_wrapper_hw_platform_0/ps7_init.tcl
targets -set -nocase -filter {name =~"APU*" && jtag_cable_name =~ "Digilent Zed 210248470163"} -index 0
loadhw -hw C:/Users/yangjiel/Desktop/VGA_mem_mapped-master/project_2/project_2.sdk/design_1_wrapper_hw_platform_0/system.hdf -mem-ranges [list {0x40000000 0xbfffffff}]
configparams force-mem-access 1
targets -set -nocase -filter {name =~"APU*" && jtag_cable_name =~ "Digilent Zed 210248470163"} -index 0
stop
ps7_init
ps7_post_config
targets -set -nocase -filter {name =~ "ARM*#0" && jtag_cable_name =~ "Digilent Zed 210248470163"} -index 0
rst -processor
targets -set -nocase -filter {name =~ "ARM*#0" && jtag_cable_name =~ "Digilent Zed 210248470163"} -index 0
dow C:/Users/yangjiel/Desktop/VGA_mem_mapped-master/project_2/project_2.sdk/hello_world/Debug/hello_world.elf
configparams force-mem-access 0
----------------End of Script----------------

17:53:05 INFO  : Memory regions updated for context APU
17:53:05 INFO  : Context for processor 'ps7_cortexa9_0' is selected.
17:53:05 INFO  : 'con' command is executed.
17:53:05 INFO  : ----------------XSDB Script (After Launch)----------------
targets -set -nocase -filter {name =~ "ARM*#0" && jtag_cable_name =~ "Digilent Zed 210248470163"} -index 0
con
----------------End of Script----------------

17:53:05 INFO  : Launch script is exported to file 'C:\Users\yangjiel\Desktop\VGA_mem_mapped-master\project_2\project_2.sdk\.sdk\launch_scripts\xilinx_c-c++_application_(system_debugger)\system_debugger_using_debug_hello_world.elf_on_local.tcl'
17:54:16 INFO  : Disconnected from the channel tcfchan#2.
17:54:17 INFO  : 'targets -set -filter {jtag_cable_name =~ "Digilent Zed 210248470163" && level==0} -index 1' command is executed.
17:54:17 INFO  : 'fpga -state' command is executed.
17:54:17 INFO  : Connected to target on host '127.0.0.1' and port '3121'.
17:54:18 INFO  : Jtag cable 'Digilent Zed 210248470163' is selected.
17:54:18 INFO  : 'jtag frequency' command is executed.
17:54:18 INFO  : Sourcing of 'C:/Users/yangjiel/Desktop/VGA_mem_mapped-master/project_2/project_2.sdk/design_1_wrapper_hw_platform_0/ps7_init.tcl' is done.
17:54:18 INFO  : Context for 'APU' is selected.
17:54:20 INFO  : Hardware design information is loaded from 'C:/Users/yangjiel/Desktop/VGA_mem_mapped-master/project_2/project_2.sdk/design_1_wrapper_hw_platform_0/system.hdf'.
17:54:20 INFO  : 'configparams force-mem-access 1' command is executed.
17:54:20 INFO  : Context for 'APU' is selected.
17:54:20 INFO  : 'stop' command is executed.
17:54:20 INFO  : 'ps7_init' command is executed.
17:54:20 INFO  : 'ps7_post_config' command is executed.
17:54:20 INFO  : Context for processor 'ps7_cortexa9_0' is selected.
17:54:20 INFO  : Processor reset is completed for 'ps7_cortexa9_0'.
17:54:20 INFO  : Context for processor 'ps7_cortexa9_0' is selected.
17:54:20 INFO  : The application 'C:/Users/yangjiel/Desktop/VGA_mem_mapped-master/project_2/project_2.sdk/hello_world/Debug/hello_world.elf' is downloaded to processor 'ps7_cortexa9_0'.
17:54:20 INFO  : 'configparams force-mem-access 0' command is executed.
17:54:20 INFO  : ----------------XSDB Script----------------
connect -url tcp:127.0.0.1:3121
source C:/Users/yangjiel/Desktop/VGA_mem_mapped-master/project_2/project_2.sdk/design_1_wrapper_hw_platform_0/ps7_init.tcl
targets -set -nocase -filter {name =~"APU*" && jtag_cable_name =~ "Digilent Zed 210248470163"} -index 0
loadhw -hw C:/Users/yangjiel/Desktop/VGA_mem_mapped-master/project_2/project_2.sdk/design_1_wrapper_hw_platform_0/system.hdf -mem-ranges [list {0x40000000 0xbfffffff}]
configparams force-mem-access 1
targets -set -nocase -filter {name =~"APU*" && jtag_cable_name =~ "Digilent Zed 210248470163"} -index 0
stop
ps7_init
ps7_post_config
targets -set -nocase -filter {name =~ "ARM*#0" && jtag_cable_name =~ "Digilent Zed 210248470163"} -index 0
rst -processor
targets -set -nocase -filter {name =~ "ARM*#0" && jtag_cable_name =~ "Digilent Zed 210248470163"} -index 0
dow C:/Users/yangjiel/Desktop/VGA_mem_mapped-master/project_2/project_2.sdk/hello_world/Debug/hello_world.elf
configparams force-mem-access 0
----------------End of Script----------------

17:54:20 INFO  : Memory regions updated for context APU
17:54:21 INFO  : Context for processor 'ps7_cortexa9_0' is selected.
17:54:21 INFO  : 'con' command is executed.
17:54:21 INFO  : ----------------XSDB Script (After Launch)----------------
targets -set -nocase -filter {name =~ "ARM*#0" && jtag_cable_name =~ "Digilent Zed 210248470163"} -index 0
con
----------------End of Script----------------

17:54:21 INFO  : Launch script is exported to file 'C:\Users\yangjiel\Desktop\VGA_mem_mapped-master\project_2\project_2.sdk\.sdk\launch_scripts\xilinx_c-c++_application_(system_debugger)\system_debugger_on_local.tcl'
17:54:38 INFO  : 'targets -set -filter {jtag_cable_name =~ "Digilent Zed 210248470163" && level==0} -index 1' command is executed.
17:54:38 INFO  : 'fpga -state' command is executed.
17:54:38 INFO  : Connected to target on host '127.0.0.1' and port '3121'.
17:54:38 INFO  : Jtag cable 'Digilent Zed 210248470163' is selected.
17:54:38 INFO  : 'jtag frequency' command is executed.
17:54:38 INFO  : Context for 'APU' is selected.
17:54:38 INFO  : Hardware design information is loaded from 'C:/Users/yangjiel/Desktop/VGA_mem_mapped-master/project_2/project_2.sdk/design_1_wrapper_hw_platform_0/system.hdf'.
17:54:38 INFO  : 'configparams force-mem-access 1' command is executed.
17:54:38 INFO  : 'configparams force-mem-access 0' command is executed.
17:54:38 INFO  : ----------------XSDB Script----------------
connect -url tcp:127.0.0.1:3121
targets -set -nocase -filter {name =~"APU*" && jtag_cable_name =~ "Digilent Zed 210248470163"} -index 0
loadhw -hw C:/Users/yangjiel/Desktop/VGA_mem_mapped-master/project_2/project_2.sdk/design_1_wrapper_hw_platform_0/system.hdf -mem-ranges [list {0x40000000 0xbfffffff}]
configparams force-mem-access 1
configparams force-mem-access 0
----------------End of Script----------------

17:54:38 INFO  : Memory regions updated for context APU
17:54:38 INFO  : Launch script is exported to file 'C:\Users\yangjiel\Desktop\VGA_mem_mapped-master\project_2\project_2.sdk\.sdk\launch_scripts\xilinx_c-c++_application_(system_debugger)\system_debugger_on_local.tcl'
17:54:47 INFO  : Disconnected from the channel tcfchan#3.
17:54:48 INFO  : 'targets -set -filter {jtag_cable_name =~ "Digilent Zed 210248470163" && level==0} -index 1' command is executed.
17:54:48 INFO  : 'fpga -state' command is executed.
17:54:48 INFO  : Connected to target on host '127.0.0.1' and port '3121'.
17:54:48 INFO  : Jtag cable 'Digilent Zed 210248470163' is selected.
17:54:48 INFO  : 'jtag frequency' command is executed.
17:54:48 INFO  : Sourcing of 'C:/Users/yangjiel/Desktop/VGA_mem_mapped-master/project_2/project_2.sdk/design_1_wrapper_hw_platform_0/ps7_init.tcl' is done.
17:54:48 INFO  : Context for 'APU' is selected.
17:54:50 INFO  : Hardware design information is loaded from 'C:/Users/yangjiel/Desktop/VGA_mem_mapped-master/project_2/project_2.sdk/design_1_wrapper_hw_platform_0/system.hdf'.
17:54:50 INFO  : 'configparams force-mem-access 1' command is executed.
17:54:50 INFO  : Context for 'APU' is selected.
17:54:50 INFO  : 'stop' command is executed.
17:54:51 INFO  : 'ps7_init' command is executed.
17:54:51 INFO  : 'ps7_post_config' command is executed.
17:54:51 INFO  : 'configparams force-mem-access 0' command is executed.
17:54:51 INFO  : ----------------XSDB Script----------------
connect -url tcp:127.0.0.1:3121
source C:/Users/yangjiel/Desktop/VGA_mem_mapped-master/project_2/project_2.sdk/design_1_wrapper_hw_platform_0/ps7_init.tcl
targets -set -nocase -filter {name =~"APU*" && jtag_cable_name =~ "Digilent Zed 210248470163"} -index 0
loadhw -hw C:/Users/yangjiel/Desktop/VGA_mem_mapped-master/project_2/project_2.sdk/design_1_wrapper_hw_platform_0/system.hdf -mem-ranges [list {0x40000000 0xbfffffff}]
configparams force-mem-access 1
targets -set -nocase -filter {name =~"APU*" && jtag_cable_name =~ "Digilent Zed 210248470163"} -index 0
stop
ps7_init
ps7_post_config
configparams force-mem-access 0
----------------End of Script----------------

17:54:51 INFO  : Memory regions updated for context APU
17:54:51 INFO  : Launch script is exported to file 'C:\Users\yangjiel\Desktop\VGA_mem_mapped-master\project_2\project_2.sdk\.sdk\launch_scripts\xilinx_c-c++_application_(system_debugger)\system_debugger_on_local.tcl'
17:54:59 INFO  : Disconnected from the channel tcfchan#4.
17:55:00 INFO  : 'targets -set -filter {jtag_cable_name =~ "Digilent Zed 210248470163" && level==0} -index 1' command is executed.
17:55:00 INFO  : 'fpga -state' command is executed.
17:55:00 INFO  : Connected to target on host '127.0.0.1' and port '3121'.
17:55:01 INFO  : Jtag cable 'Digilent Zed 210248470163' is selected.
17:55:01 INFO  : 'jtag frequency' command is executed.
17:55:01 INFO  : Sourcing of 'C:/Users/yangjiel/Desktop/VGA_mem_mapped-master/project_2/project_2.sdk/design_1_wrapper_hw_platform_0/ps7_init.tcl' is done.
17:55:01 INFO  : Context for 'APU' is selected.
17:55:03 INFO  : Hardware design information is loaded from 'C:/Users/yangjiel/Desktop/VGA_mem_mapped-master/project_2/project_2.sdk/design_1_wrapper_hw_platform_0/system.hdf'.
17:55:03 INFO  : 'configparams force-mem-access 1' command is executed.
17:55:03 INFO  : Context for 'APU' is selected.
17:55:03 INFO  : 'stop' command is executed.
17:55:03 INFO  : 'ps7_init' command is executed.
17:55:03 INFO  : 'ps7_post_config' command is executed.
17:55:03 INFO  : Context for processor 'ps7_cortexa9_0' is selected.
17:55:04 INFO  : Processor reset is completed for 'ps7_cortexa9_0'.
17:55:04 INFO  : Context for processor 'ps7_cortexa9_0' is selected.
17:55:04 INFO  : The application 'C:/Users/yangjiel/Desktop/VGA_mem_mapped-master/project_2/project_2.sdk/hello_world/Debug/hello_world.elf' is downloaded to processor 'ps7_cortexa9_0'.
17:55:04 INFO  : 'configparams force-mem-access 0' command is executed.
17:55:04 INFO  : ----------------XSDB Script----------------
connect -url tcp:127.0.0.1:3121
source C:/Users/yangjiel/Desktop/VGA_mem_mapped-master/project_2/project_2.sdk/design_1_wrapper_hw_platform_0/ps7_init.tcl
targets -set -nocase -filter {name =~"APU*" && jtag_cable_name =~ "Digilent Zed 210248470163"} -index 0
loadhw -hw C:/Users/yangjiel/Desktop/VGA_mem_mapped-master/project_2/project_2.sdk/design_1_wrapper_hw_platform_0/system.hdf -mem-ranges [list {0x40000000 0xbfffffff}]
configparams force-mem-access 1
targets -set -nocase -filter {name =~"APU*" && jtag_cable_name =~ "Digilent Zed 210248470163"} -index 0
stop
ps7_init
ps7_post_config
targets -set -nocase -filter {name =~ "ARM*#0" && jtag_cable_name =~ "Digilent Zed 210248470163"} -index 0
rst -processor
targets -set -nocase -filter {name =~ "ARM*#0" && jtag_cable_name =~ "Digilent Zed 210248470163"} -index 0
dow C:/Users/yangjiel/Desktop/VGA_mem_mapped-master/project_2/project_2.sdk/hello_world/Debug/hello_world.elf
configparams force-mem-access 0
----------------End of Script----------------

17:55:04 INFO  : Memory regions updated for context APU
17:55:04 INFO  : Context for processor 'ps7_cortexa9_0' is selected.
17:55:04 INFO  : 'con' command is executed.
17:55:04 INFO  : ----------------XSDB Script (After Launch)----------------
targets -set -nocase -filter {name =~ "ARM*#0" && jtag_cable_name =~ "Digilent Zed 210248470163"} -index 0
con
----------------End of Script----------------

17:55:04 INFO  : Launch script is exported to file 'C:\Users\yangjiel\Desktop\VGA_mem_mapped-master\project_2\project_2.sdk\.sdk\launch_scripts\xilinx_c-c++_application_(system_debugger)\system_debugger_on_local.tcl'
17:58:45 WARN  : channel "tcfchan#3" closed
17:58:45 INFO  : Disconnected from the channel tcfchan#5.
16:59:40 INFO  : Registering command handlers for SDK TCF services
16:59:41 INFO  : Launching XSCT server: xsct.bat -interactive C:\Users\yangjiel\Desktop\VGA_mem_mapped-master\project_2\project_2.sdk\temp_xsdb_launch_script.tcl
16:59:44 INFO  : XSCT server has started successfully.
16:59:45 INFO  : Processing command line option -hwspec C:/Users/yangjiel/Desktop/VGA_mem_mapped-master/project_2/project_2.sdk/design_1_wrapper.hdf.
16:59:45 INFO  : Successfully done setting XSCT server connection channel  
16:59:45 INFO  : Checking for hwspec changes in the project design_1_wrapper_hw_platform_0.
16:59:45 INFO  : Successfully done setting SDK workspace  
16:59:49 INFO  : SDK has detected change in the last modified timestamps for source hardware specification file Source:1518051392564,  Project:1517701521485
16:59:49 INFO  : The hardware specification for project 'design_1_wrapper_hw_platform_0' is different from C:/Users/yangjiel/Desktop/VGA_mem_mapped-master/project_2/project_2.sdk/design_1_wrapper.hdf.
16:59:49 INFO  : Copied contents of C:/Users/yangjiel/Desktop/VGA_mem_mapped-master/project_2/project_2.sdk/design_1_wrapper.hdf into \design_1_wrapper_hw_platform_0\system.hdf.
16:59:52 INFO  : Synchronizing projects in the workspace with the hardware platform specification changes.
17:00:04 INFO  : 
17:00:05 INFO  : Updating hardware inferred compiler options for hello_world.
17:00:05 INFO  : Clearing existing target manager status.
17:00:05 WARN  : Given IPC port value is invalid. Using default port 2350
17:00:05 WARN  : Given XMD timeout value is invalid. Using default value of 50000
17:00:07 WARN  : Given XMD transaction timeout value is invalid. Using default value of 60000 milli seconds
17:00:14 INFO  : Connected to target on host '127.0.0.1' and port '3121'.
17:00:15 INFO  : 'targets -set -filter {jtag_cable_name =~ "Digilent Zed 210248469740" && level==0} -index 1' command is executed.
17:00:17 INFO  : FPGA configured successfully with bitstream "C:/Users/yangjiel/Desktop/VGA_mem_mapped-master/project_2/project_2.sdk/design_1_wrapper_hw_platform_0/design_1_wrapper.bit"
17:12:19 INFO  : SDK has detected change in the last modified timestamps for source hardware specification file Source:1518052302637,  Project:1518051392564
17:12:19 INFO  : Project design_1_wrapper_hw_platform_0's source hardware specification located at C:/Users/yangjiel/Desktop/VGA_mem_mapped-master/project_2/project_2.sdk/design_1_wrapper.hdf is now different from the local copy.
		 The local copy will be replaced with the source specification and your workspace will be updated.
17:12:37 INFO  : Project design_1_wrapper_hw_platform_0's source hardware specification location will not be monitored anymore.
17:12:40 ERROR : Unexpected error while parsing XMD response ?: com.google.gson.JsonSyntaxException: com.google.gson.stream.MalformedJsonException: invalid number or unquoted string near 
